This is XeTeX, Version 3.141592653-2.6-0.999993 (TeX Live 2021) (preloaded format=xelatex 2021.12.6)  3 JUL 2022 14:42
entering extended mode
 restricted \write18 enabled.
 %&-line parsing enabled.
**functions_R.tex
(./functions_R.tex
LaTeX2e <2021-11-15>
L3 programming layer <2021-11-22>

! LaTeX Error: File `beamer.cls' not found.

Type X to quit or <RETURN> to proceed,
or enter new name. (Default extension: cls)

Enter file name: 
! Emergency stop.
<read *> 
         
l.8 \usepackage
               {pgfpages}^^M 
Here is how much of TeX's memory you used:
 28 strings out of 478256
 502 string characters out of 5855705
 296919 words of memory out of 5000000
 20666 multiletter control sequences out of 15000+600000
 403430 words of font info for 27 fonts, out of 8000000 for 9000
 14 hyphenation exceptions out of 8191
 19i,0n,29p,90b,17s stack positions out of 5000i,500n,10000p,200000b,80000s

No pages of output.
